2020-02-03T04:49:28.433Z - normal: Load ~/.CocosCreator/settings.json
2020-02-03T04:49:28.482Z - normal: Initializing Asset Database
2020-02-03T04:49:28.484Z - normal: checking language setting...
2020-02-03T04:49:28.485Z - normal: Language: zh
2020-02-03T04:49:29.126Z - success: preview server running at http://localhost:7456
2020-02-03T04:49:29.143Z - success: protocol editor-framework registered
2020-02-03T04:49:29.143Z - success: protocol app registered
2020-02-03T04:49:29.143Z - success: protocol theme registered
2020-02-03T04:49:29.143Z - success: protocol packages registered
2020-02-03T04:49:29.143Z - success: protocol uuid registerred
2020-02-03T04:49:29.143Z - success: protocol db registerred
2020-02-03T04:49:29.143Z - success: protocol thumbnail registerred
2020-02-03T04:49:29.144Z - success: protocol unpack registerred
2020-02-03T04:49:29.144Z - success: protocol disable-commonjs registerred
2020-02-03T04:49:29.562Z - normal: connected!
2020-02-03T04:49:29.563Z - normal: Check project /Users/steffan/Desktop/CocosCreator_doudizhu/ddz_client
2020-02-03T04:49:29.564Z - normal: Initializing project /Users/steffan/Desktop/CocosCreator_doudizhu/ddz_client
2020-02-03T04:49:29.656Z - success: adapters loaded
2020-02-03T04:49:29.661Z - success: asset-db-debugger loaded
2020-02-03T04:49:29.819Z - success: fb-audience-network loaded
2020-02-03T04:49:29.849Z - success: fb-live-stream loaded
2020-02-03T04:49:29.852Z - success: google-play-instant loaded
2020-02-03T04:49:29.861Z - success: huawei-runtime loaded
2020-02-03T04:49:29.863Z - success: jkw-adapter loaded
2020-02-03T04:49:29.864Z - success: jsb-adapter loaded
2020-02-03T04:49:29.873Z - success: oppo-runtime loaded
2020-02-03T04:49:29.881Z - success: package-manager loaded
2020-02-03T04:49:29.882Z - success: qtt-adapter loaded
2020-02-03T04:49:29.886Z - success: runtime-dev-tools loaded
2020-02-03T04:49:29.895Z - success: sdkbox loaded
2020-02-03T04:49:29.900Z - success: ui-kit-preview-extra loaded
2020-02-03T04:49:29.905Z - success: ui-kit-preview loaded
2020-02-03T04:49:29.912Z - success: vivo-runtime loaded
2020-02-03T04:49:29.914Z - success: alipay-minigame loaded
2020-02-03T04:49:29.970Z - success: assets loaded
2020-02-03T04:49:29.972Z - success: baidugame-opendata loaded
2020-02-03T04:49:29.975Z - success: baidugame loaded
2020-02-03T04:49:29.981Z - success: builder loaded
2020-02-03T04:49:30.126Z - success: cocos-services loaded
2020-02-03T04:49:30.132Z - success: console loaded
2020-02-03T04:49:30.143Z - success: fb-instant-games loaded
2020-02-03T04:49:30.147Z - success: game-window loaded
2020-02-03T04:49:30.150Z - success: google-instant-games loaded
2020-02-03T04:49:30.154Z - success: hierarchy loaded
2020-02-03T04:49:30.159Z - success: inspector loaded
2020-02-03T04:49:30.582Z - success: cpk-publish loaded
2020-02-03T04:49:30.585Z - success: keystore loaded
2020-02-03T04:49:30.594Z - success: node-library loaded
2020-02-03T04:49:30.598Z - success: open-recent-items loaded
2020-02-03T04:49:30.607Z - success: package-asset loaded
2020-02-03T04:49:30.610Z - success: preferences loaded
2020-02-03T04:49:30.614Z - success: project-exporter loaded
2020-02-03T04:49:30.618Z - success: project-importer loaded
2020-02-03T04:49:30.621Z - success: project-settings loaded
2020-02-03T04:49:30.642Z - success: qtt-runtime loaded
2020-02-03T04:49:30.646Z - success: scene loaded
2020-02-03T04:49:30.647Z - success: simulator-debugger loaded
2020-02-03T04:49:30.648Z - success: sprite-editor loaded
2020-02-03T04:49:30.652Z - success: store loaded
2020-02-03T04:49:30.657Z - success: timeline loaded
2020-02-03T04:49:30.659Z - success: wechatgame-opendata loaded
2020-02-03T04:49:30.663Z - success: wechatgame loaded
2020-02-03T04:49:30.668Z - success: xiaomi-runtime loaded
2020-02-03T04:49:31.948Z - normal: Initializing Cocos2d
2020-02-03T04:49:32.743Z - normal: Initializing engine extends
2020-02-03T04:49:33.839Z - normal: Loading packages
2020-02-03T04:49:33.845Z - normal: Watching packages
2020-02-03T04:49:33.931Z - info: Cocos Service load base data!
2020-02-03T04:49:33.950Z - normal: Run Application
